# JRE version: Java(TM) SE Runtime Environment (8.0_20-b26) (build 1.8.0_20-b26)
# Java VM: Java HotSpot(TM) 64-Bit Server VM (25.20-b23 mixed mode windows-amd64 compressed oops)
Heap:
 PSYoungGen      total 140288K, used 60307K [0x000000076ae00000, 0x0000000775000000, 0x00000007c0000000)
  eden space 125952K, 42% used [0x000000076ae00000,0x000000076e2af360,0x0000000772900000)
  from space 14336K, 44% used [0x0000000774200000,0x0000000774835938,0x0000000775000000)
  to   space 19968K, 0% used [0x0000000772900000,0x0000000772900000,0x0000000773c80000)
 ParOldGen       total 193536K, used 28530K [0x00000006c0a00000, 0x00000006cc700000, 0x000000076ae00000)
  object space 193536K, 14% used [0x00000006c0a00000,0x00000006c25dc870,0x00000006cc700000)
 Metaspace       used 42840K, capacity 43918K, committed 44200K, reserved 1087488K
  class space    used 5239K, capacity 5496K, committed 5544K, reserved 1048576K
GC Heap History (10 events):
Event: 6.439 GC heap before
{Heap before GC invocations=6 (full 1):
 PSYoungGen      total 76288K, used 65536K [0x000000076ae00000, 0x0000000774300000, 0x00000007c0000000)
  eden space 65536K, 100% used [0x000000076ae00000,0x000000076ee00000,0x000000076ee00000)
  from space 10752K, 0% used [0x000000076f880000,0x000000076f880000,0x0000000770300000)
  to   space 10752K, 0% used [0x000000076ee00000,0x000000076ee00000,0x000000076f880000)
 ParOldGen       total 125440K, used 18353K [0x00000006c0a00000, 0x00000006c8480000, 0x000000076ae00000)
  object space 125440K, 14% used [0x00000006c0a00000,0x00000006c1bec670,0x00000006c8480000)
 Metaspace       used 22798K, capacity 23278K, committed 23552K, reserved 1071104K
  class space    used 2631K, capacity 2786K, committed 2816K, reserved 1048576K
Event: 6.444 GC heap after
Heap after GC invocations=6 (full 1):
 PSYoungGen      total 76288K, used 4624K [0x000000076ae00000, 0x0000000772d00000, 0x00000007c0000000)
  eden space 65536K, 0% used [0x000000076ae00000,0x000000076ae00000,0x000000076ee00000)
  from space 10752K, 43% used [0x000000076ee00000,0x000000076f284348,0x000000076f880000)
  to   space 18944K, 0% used [0x0000000771a80000,0x0000000771a80000,0x0000000772d00000)
 ParOldGen       total 125440K, used 18353K [0x00000006c0a00000, 0x00000006c8480000, 0x000000076ae00000)
  object space 125440K, 14% used [0x00000006c0a00000,0x00000006c1bec670,0x00000006c8480000)
 Metaspace       used 22798K, capacity 23278K, committed 23552K, reserved 1071104K
  class space    used 2631K, capacity 2786K, committed 2816K, reserved 1048576K
}
Event: 8.569 GC heap before
{Heap before GC invocations=7 (full 1):
 PSYoungGen      total 76288K, used 70130K [0x000000076ae00000, 0x0000000772d00000, 0x00000007c0000000)
  eden space 65536K, 99% used [0x000000076ae00000,0x000000076edf8590,0x000000076ee00000)
  from space 10752K, 43% used [0x000000076ee00000,0x000000076f284348,0x000000076f880000)
  to   space 18944K, 0% used [0x0000000771a80000,0x0000000771a80000,0x0000000772d00000)
 ParOldGen       total 125440K, used 18353K [0x00000006c0a00000, 0x00000006c8480000, 0x000000076ae00000)
  object space 125440K, 14% used [0x00000006c0a00000,0x00000006c1bec670,0x00000006c8480000)
 Metaspace       used 27746K, capacity 28272K, committed 28416K, reserved 1075200K
  class space    used 3182K, capacity 3315K, committed 3328K, reserved 1048576K
Event: 8.624 GC heap after
Heap after GC invocations=7 (full 1):
 PSYoungGen      total 112128K, used 9827K [0x000000076ae00000, 0x0000000772e00000, 0x00000007c0000000)
  eden space 93184K, 0% used [0x000000076ae00000,0x000000076ae00000,0x0000000770900000)
  from space 18944K, 51% used [0x0000000771a80000,0x0000000772418d38,0x0000000772d00000)
  to   space 17920K, 0% used [0x0000000770900000,0x0000000770900000,0x0000000771a80000)
 ParOldGen       total 125440K, used 18353K [0x00000006c0a00000, 0x00000006c8480000, 0x000000076ae00000)
  object space 125440K, 14% used [0x00000006c0a00000,0x00000006c1bec670,0x00000006c8480000)
 Metaspace       used 27746K, capacity 28272K, committed 28416K, reserved 1075200K
  class space    used 3182K, capacity 3315K, committed 3328K, reserved 1048576K
}
Event: 9.854 GC heap before
{Heap before GC invocations=8 (full 1):
 PSYoungGen      total 112128K, used 78242K [0x000000076ae00000, 0x0000000772e00000, 0x00000007c0000000)
  eden space 93184K, 73% used [0x000000076ae00000,0x000000076f0cfe08,0x0000000770900000)
  from space 18944K, 51% used [0x0000000771a80000,0x0000000772418d38,0x0000000772d00000)
  to   space 17920K, 0% used [0x0000000770900000,0x0000000770900000,0x0000000771a80000)
 ParOldGen       total 125440K, used 18353K [0x00000006c0a00000, 0x00000006c8480000, 0x000000076ae00000)
  object space 125440K, 14% used [0x00000006c0a00000,0x00000006c1bec670,0x00000006c8480000)
 Metaspace       used 34698K, capacity 35300K, committed 35496K, reserved 1081344K
  class space    used 4038K, capacity 4225K, committed 4264K, reserved 1048576K
Event: 9.864 GC heap after
Heap after GC invocations=8 (full 1):
 PSYoungGen      total 111104K, used 16590K [0x000000076ae00000, 0x0000000775580000, 0x00000007c0000000)
  eden space 93184K, 0% used [0x000000076ae00000,0x000000076ae00000,0x0000000770900000)
  from space 17920K, 92% used [0x0000000770900000,0x0000000771933ad8,0x0000000771a80000)
  to   space 19968K, 0% used [0x0000000774200000,0x0000000774200000,0x0000000775580000)
 ParOldGen       total 125440K, used 18433K [0x00000006c0a00000, 0x00000006c8480000, 0x000000076ae00000)
  object space 125440K, 14% used [0x00000006c0a00000,0x00000006c1c00680,0x00000006c8480000)
 Metaspace       used 34698K, capacity 35300K, committed 35496K, reserved 1081344K
  class space    used 4038K, capacity 4225K, committed 4264K, reserved 1048576K
}
Event: 9.864 GC heap before
{Heap before GC invocations=9 (full 2):
 PSYoungGen      total 111104K, used 16590K [0x000000076ae00000, 0x0000000775580000, 0x00000007c0000000)
  eden space 93184K, 0% used [0x000000076ae00000,0x000000076ae00000,0x0000000770900000)
  from space 17920K, 92% used [0x0000000770900000,0x0000000771933ad8,0x0000000771a80000)
  to   space 19968K, 0% used [0x0000000774200000,0x0000000774200000,0x0000000775580000)
 ParOldGen       total 125440K, used 18433K [0x00000006c0a00000, 0x00000006c8480000, 0x000000076ae00000)
  object space 125440K, 14% used [0x00000006c0a00000,0x00000006c1c00680,0x00000006c8480000)
 Metaspace       used 34698K, capacity 35300K, committed 35496K, reserved 1081344K
  class space    used 4038K, capacity 4225K, committed 4264K, reserved 1048576K
Event: 9.973 GC heap after
Heap after GC invocations=9 (full 2):
 PSYoungGen      total 111104K, used 0K [0x000000076ae00000, 0x0000000775580000, 0x00000007c0000000)
  eden space 93184K, 0% used [0x000000076ae00000,0x000000076ae00000,0x0000000770900000)
  from space 17920K, 0% used [0x0000000770900000,0x0000000770900000,0x0000000771a80000)
  to   space 19968K, 0% used [0x0000000774200000,0x0000000774200000,0x0000000775580000)
 ParOldGen       total 193536K, used 28530K [0x00000006c0a00000, 0x00000006cc700000, 0x000000076ae00000)
  object space 193536K, 14% used [0x00000006c0a00000,0x00000006c25dc870,0x00000006cc700000)
 Metaspace       used 34698K, capacity 35300K, committed 35496K, reserved 1081344K
  class space    used 4038K, capacity 4225K, committed 4264K, reserved 1048576K
}
Event: 62.264 GC heap before
{Heap before GC invocations=10 (full 2):
 PSYoungGen      total 111104K, used 93184K [0x000000076ae00000, 0x0000000775580000, 0x00000007c0000000)
  eden space 93184K, 100% used [0x000000076ae00000,0x0000000770900000,0x0000000770900000)
  from space 17920K, 0% used [0x0000000770900000,0x0000000770900000,0x0000000771a80000)
  to   space 19968K, 0% used [0x0000000774200000,0x0000000774200000,0x0000000775580000)
 ParOldGen       total 193536K, used 28530K [0x00000006c0a00000, 0x00000006cc700000, 0x000000076ae00000)
  object space 193536K, 14% used [0x00000006c0a00000,0x00000006c25dc870,0x00000006cc700000)
 Metaspace       used 41516K, capacity 42294K, committed 42664K, reserved 1087488K
  class space    used 5029K, capacity 5214K, committed 5288K, reserved 1048576K
Event: 62.273 GC heap after
Heap after GC invocations=10 (full 2):
 PSYoungGen      total 140288K, used 6358K [0x000000076ae00000, 0x0000000775000000, 0x00000007c0000000)
  eden space 125952K, 0% used [0x000000076ae00000,0x000000076ae00000,0x0000000772900000)
  from space 14336K, 44% used [0x0000000774200000,0x0000000774835938,0x0000000775000000)
  to   space 19968K, 0% used [0x0000000772900000,0x0000000772900000,0x0000000773c80000)
 ParOldGen       total 193536K, used 28530K [0x00000006c0a00000, 0x00000006cc700000, 0x000000076ae00000)
  object space 193536K, 14% used [0x00000006c0a00000,0x00000006c25dc870,0x00000006cc700000)
 Metaspace       used 41516K, capacity 42294K, committed 42664K, reserved 1087488K
  class space    used 5029K, capacity 5214K, committed 5288K, reserved 1048576K
}

